<?xml version="1.0" encoding="UTF-8"?>
<!-- Generated by org.testng.reporters.JUnitReportReporter -->
<testsuite hostname="DESKTOP-I249EJ4" failures="0" tests="1" name="Test.TheInternetByHerokuTesting" time="4.336" errors="0" timestamp="2022-07-30T22:17:44 ART" skipped="0">
  <testcase classname="Test.TheInternetByHerokuTesting" name="GoogleSearch" time="4.336"/>
  <system-out/>
</testsuite> <!-- Test.TheInternetByHerokuTesting -->
